Start searching TS
未检测到已优化的IS和FS，开始优化
Optimizing IS...
      Step     Time          Energy          fmax
BFGS:    0 02:37:43     -591.774902        2.300500
BFGS:    1 02:37:55     -591.940552        2.251888
BFGS:    2 02:38:07     -592.871826        2.059387
BFGS:    3 02:38:18     -593.616516        2.365395
BFGS:    4 02:38:30     -594.234924        2.818708
BFGS:    5 02:38:40     -594.541626        3.943925
BFGS:    6 02:38:52     -595.059509        2.983611
BFGS:    7 02:39:03     -595.802795        2.880091
BFGS:    8 02:39:14     -595.983337        1.138808
BFGS:    9 02:39:24     -596.128723        1.016005
BFGS:   10 02:39:35     -596.504944        1.262913
BFGS:   11 02:39:46     -596.580505        1.351179
BFGS:   12 02:39:57     -596.984436        1.540705
BFGS:   13 02:40:08     -597.159546        1.975782
BFGS:   14 02:40:20     -597.275146        1.419993
BFGS:   15 02:40:31     -597.417236        0.823216
BFGS:   16 02:40:41     -597.492065        0.499209
BFGS:   17 02:40:52     -597.529236        0.387191
BFGS:   18 02:41:03     -597.552307        0.490612
BFGS:   19 02:41:14     -597.566284        0.362005
BFGS:   20 02:41:25     -597.576355        0.231787
BFGS:   21 02:41:36     -597.581909        0.209975
BFGS:   22 02:41:47     -597.585938        0.210967
BFGS:   23 02:41:58     -597.590088        0.205931
BFGS:   24 02:42:08     -597.594055        0.151114
BFGS:   25 02:42:19     -597.596619        0.108510
BFGS:   26 02:42:30     -597.598206        0.107205
BFGS:   27 02:42:41     -597.599487        0.135318
BFGS:   28 02:42:52     -597.601501        0.135595
BFGS:   29 02:43:03     -597.603088        0.087495
BFGS:   30 02:43:15     -597.604126        0.044563
BFGS:   31 02:43:27     -597.604492        0.056409
BFGS:   32 02:43:38     -597.604858        0.057037
BFGS:   33 02:43:49     -597.605347        0.038771
BFGS:   34 02:43:59     -597.605408        0.031303
BFGS:   35 02:44:11     -597.605530        0.027320
BFGS:   36 02:44:22     -597.605835        0.027019
BFGS:   37 02:44:33     -597.605896        0.034539
BFGS:   38 02:44:45     -597.606079        0.035190
BFGS:   39 02:44:56     -597.606201        0.034362
BFGS:   40 02:45:08     -597.606445        0.039159
BFGS:   41 02:45:18     -597.606750        0.049345
BFGS:   42 02:45:30     -597.607056        0.061211
BFGS:   43 02:45:41     -597.607605        0.074631
BFGS:   44 02:45:53     -597.608521        0.099366
BFGS:   45 02:46:04     -597.610474        0.151410
BFGS:   46 02:46:16     -597.612915        0.199133
BFGS:   47 02:46:27     -597.620300        0.294976
BFGS:   48 02:46:38     -597.632141        0.320812
BFGS:   49 02:46:50     -597.636230        0.367445
BFGS:   50 02:47:00     -597.649231        0.239528
BFGS:   51 02:47:11     -597.655396        0.170774
BFGS:   52 02:47:22     -597.666260        0.262023
BFGS:   53 02:47:33     -597.673096        0.323712
BFGS:   54 02:47:43     -597.681091        0.172400
BFGS:   55 02:47:54     -597.686218        0.207683
BFGS:   56 02:48:05     -597.691528        0.181143
BFGS:   57 02:48:15     -597.696289        0.169725
BFGS:   58 02:48:26     -597.700623        0.184170
BFGS:   59 02:48:38     -597.703918        0.108166
BFGS:   60 02:48:49     -597.706909        0.088617
BFGS:   61 02:49:01     -597.709473        0.111524
BFGS:   62 02:49:14     -597.711853        0.111970
BFGS:   63 02:49:24     -597.713379        0.091529
BFGS:   64 02:49:35     -597.714661        0.058321
BFGS:   65 02:49:47     -597.715271        0.064376
BFGS:   66 02:49:58     -597.715637        0.055586
BFGS:   67 02:50:09     -597.716003        0.038140
BFGS:   68 02:50:20     -597.716309        0.041693
BFGS:   69 02:50:33     -597.716431        0.045188
BFGS:   70 02:50:43     -597.716675        0.039715
BFGS:   71 02:50:54     -597.716797        0.027648
BFGS:   72 02:51:04     -597.717102        0.029944
BFGS:   73 02:51:15     -597.717163        0.042566
BFGS:   74 02:51:26     -597.717346        0.045689
BFGS:   75 02:51:37     -597.717651        0.032303
BFGS:   76 02:51:47     -597.717712        0.012850
BFGS:   77 02:51:58     -597.717712        0.014007
BFGS:   78 02:52:09     -597.717834        0.014163
BFGS:   79 02:52:20     -597.717834        0.012254
BFGS:   80 02:52:32     -597.717834        0.006947
Optimizing FS...
      Step     Time          Energy          fmax
BFGS:    0 02:52:42     -597.501221        0.045483
BFGS:    1 02:52:54     -597.501343        0.025129
BFGS:    2 02:53:05     -597.501587        0.036773
BFGS:    3 02:53:16     -597.501648        0.027424
BFGS:    4 02:53:26     -597.501770        0.011167
BFGS:    5 02:53:37     -597.501953        0.015791
BFGS:    6 02:53:49     -597.501709        0.019376
BFGS:    7 02:54:00     -597.502014        0.011845
BFGS:    8 02:54:11     -597.501892        0.010525
BFGS:    9 02:54:21     -597.501892        0.010442
BFGS:   10 02:54:32     -597.501831        0.016943
BFGS:   11 02:54:44     -597.501831        0.016872
BFGS:   12 02:54:54     -597.502014        0.010818
BFGS:   13 02:55:05     -597.501953        0.011642
BFGS:   14 02:55:16     -597.501953        0.020403
BFGS:   15 02:55:27     -597.502075        0.021113
BFGS:   16 02:55:38     -597.502075        0.012910
BFGS:   17 02:55:49     -597.502075        0.005082
IS and FS optimization done!
--------------------------------------------------
Step 1:生成中间结构R1   <R_alpha>
50.0% 结构已保存到: /work/home/ac877eihwp/renyq/20250828TT/searchTS/RDA-D/IntermediateProcess/R_alpha.vasp
条件优化R1
步骤 0: 能量 = -596.885803 eV
步骤 1: 能量 = -597.188965 eV
  能量变化: 0.303162 eV
步骤 2: 能量 = -597.222290 eV
  能量变化: 0.033325 eV
步骤 3: 能量 = -597.280518 eV
  能量变化: 0.058228 eV
步骤 4: 能量 = -597.298889 eV
  能量变化: 0.018372 eV
步骤 5: 能量 = -597.324890 eV
  能量变化: 0.026001 eV
步骤 6: 能量 = -597.335510 eV
  能量变化: 0.010620 eV
步骤 7: 能量 = -597.349182 eV
  能量变化: 0.013672 eV
步骤 8: 能量 = -597.359314 eV
  能量变化: 0.010132 eV
步骤 9: 能量 = -597.373779 eV
  能量变化: 0.014465 eV
步骤 10: 能量 = -597.390015 eV
  能量变化: 0.016235 eV
步骤 11: 能量 = -597.409973 eV
  能量变化: 0.019958 eV
步骤 12: 能量 = -597.431152 eV
  能量变化: 0.021179 eV
步骤 13: 能量 = -597.455444 eV
  能量变化: 0.024292 eV
步骤 14: 能量 = -597.488953 eV
  能量变化: 0.033508 eV
步骤 15: 能量 = -597.524658 eV
  能量变化: 0.035706 eV
步骤 16: 能量 = -597.561584 eV
  能量变化: 0.036926 eV
步骤 17: 能量 = -597.599915 eV
  能量变化: 0.038330 eV
步骤 18: 能量 = -597.624390 eV
  能量变化: 0.024475 eV
步骤 19: 能量 = -597.650085 eV
  能量变化: 0.025696 eV
步骤 20: 能量 = -597.676819 eV
  能量变化: 0.026733 eV
步骤 21: 能量 = -597.686340 eV
  能量变化: 0.009521 eV

能量收敛于步骤 21!
最终能量变化: 0.009521 eV < 阈值 0.01 eV
R1Copt不满足D_criteria,继续调整IS和FS
--------------------------------------------------
Step 2:生成中间结构R2   <R_beta>
将RFS作为Rref
50.0% 结构已保存到: /work/home/ac877eihwp/renyq/20250828TT/searchTS/RDA-D/IntermediateProcess/R_beta.vasp
条件优化R2
步骤 0: 能量 = -596.825195 eV
步骤 1: 能量 = -597.166992 eV
  能量变化: 0.341797 eV
步骤 2: 能量 = -597.205078 eV
  能量变化: 0.038086 eV

能量收敛于步骤 2!
最终能量变化: 0.038086 eV < 阈值 0.05 eV
当前beta: 0.6
步骤 0: 能量 = -596.699707 eV
步骤 1: 能量 = -597.034668 eV
  能量变化: 0.334961 eV
步骤 2: 能量 = -597.076782 eV
  能量变化: 0.042114 eV

能量收敛于步骤 2!
最终能量变化: 0.042114 eV < 阈值 0.05 eV
当前beta: 0.7
步骤 0: 能量 = -596.694092 eV
步骤 1: 能量 = -596.956848 eV
  能量变化: 0.262756 eV
步骤 2: 能量 = -597.001770 eV
  能量变化: 0.044922 eV

能量收敛于步骤 2!
最终能量变化: 0.044922 eV < 阈值 0.05 eV
Rdc_beta: 0.6, Rdnc_beta: 0.7
--------------------------------------------------
Step 3:生成初猜过渡态R3   <R_gamma>
60.0% 结构已保存到: /work/home/ac877eihwp/renyq/20250828TT/searchTS/RDA-D/IntermediateProcess/Rdc.vasp
70.0% 结构已保存到: /work/home/ac877eihwp/renyq/20250828TT/searchTS/RDA-D/IntermediateProcess/Rdnc.vasp
步骤 0: 能量 = -596.694092 eV
步骤 1: 能量 = -596.956848 eV
  能量变化: 0.262756 eV
步骤 2: 能量 = -597.001709 eV
  能量变化: 0.044861 eV

能量收敛于步骤 2!
最终能量变化: 0.044861 eV < 阈值 0.05 eV
gamma: 0.1
Start Sella
     Step     Time          Energy         fmax         cmax       rtrust          rho
Sella   0 03:02:29     -597.003967       0.8490       0.0000       0.1000       1.0000
Sella   1 03:03:57     -597.095520       0.2419       0.0000       0.1000       0.9247
Sella   2 03:04:08     -597.110596       0.2498       0.0000       0.1000       1.3603
Sella   3 03:04:20     -597.118408       0.1255       0.0000       0.1000       1.2156
Sella   4 03:04:31     -597.122498       0.1096       0.0000       0.1000       1.5611
Sella   5 03:04:43     -597.128784       0.0958       0.0000       0.1000       1.2090
Sella   6 03:04:54     -597.131226       0.0700       0.0000       0.1000       1.3608
Sella   7 03:05:05     -597.134460       0.0774       0.0000       0.1000       1.2808
Sella   8 03:05:16     -597.136353       0.0892       0.0000       0.1000       1.3780
Sella   9 03:05:28     -597.139099       0.0690       0.0000       0.1000       1.1839
Sella  10 03:05:39     -597.140930       0.0601       0.0000       0.1000       1.5759
Sella  11 03:05:51     -597.143250       0.0771       0.0000       0.1000       1.2871
Sella  12 03:06:03     -597.144470       0.0417       0.0000       0.1000       1.2658

Evaluation finished
See resLog.out to check the results
